=== L0_OVERSEER: Árbitro Ejecutivo (Sustrato Elixir/OTP) Iniciado ===
[L0] Monitor de Salud: Activado. Suscribiendo a Telemetría Sistémica...
[L0] Suscrito a: core.v2.life.heartbeat
[L0] Latido validado: Tick 1 de Universe DE-V2-GREENFIELD-01
[L0] Latido validado: Tick 2 de Universe DE-V2-GREENFIELD-01
[L0] Latido validado: Tick 3 de Universe DE-V2-GREENFIELD-01
[L0] !!! EVENTO DE NECROSIS DETECTADO (Silence: 16540ms) !!!
[L0] Iniciando Apoptosis Adaptativa para L1...
[L0] !!! EVENTO DE NECROSIS DETECTADO (Silence: 21541ms) !!!
[L0] Iniciando Apoptosis Adaptativa para L1...
[L0] !!! EVENTO DE NECROSIS DETECTADO (Silence: 26542ms) !!!
[L0] Iniciando Apoptosis Adaptativa para L1...
[L0] !!! EVENTO DE NECROSIS DETECTADO (Silence: 31543ms) !!!
[L0] Iniciando Apoptosis Adaptativa para L1...
[L0] !!! EVENTO DE NECROSIS DETECTADO (Silence: 36544ms) !!!
[L0] Iniciando Apoptosis Adaptativa para L1...
[L0] !!! EVENTO DE NECROSIS DETECTADO (Silence: 41545ms) !!!
[L0] Iniciando Apoptosis Adaptativa para L1...
[L0] !!! EVENTO DE NECROSIS DETECTADO (Silence: 46546ms) !!!
[L0] Iniciando Apoptosis Adaptativa para L1...
[L0] !!! EVENTO DE NECROSIS DETECTADO (Silence: 51547ms) !!!
[L0] Iniciando Apoptosis Adaptativa para L1...
[L0] !!! EVENTO DE NECROSIS DETECTADO (Silence: 56548ms) !!!
[L0] Iniciando Apoptosis Adaptativa para L1...
[L0] !!! EVENTO DE NECROSIS DETECTADO (Silence: 61549ms) !!!
[L0] Iniciando Apoptosis Adaptativa para L1...
[L0] !!! EVENTO DE NECROSIS DETECTADO (Silence: 66550ms) !!!
[L0] Iniciando Apoptosis Adaptativa para L1...
[L0] !!! EVENTO DE NECROSIS DETECTADO (Silence: 71551ms) !!!
[L0] Iniciando Apoptosis Adaptativa para L1...
[L0] !!! EVENTO DE NECROSIS DETECTADO (Silence: 76552ms) !!!
[L0] Iniciando Apoptosis Adaptativa para L1...
[L0] !!! EVENTO DE NECROSIS DETECTADO (Silence: 81553ms) !!!
[L0] Iniciando Apoptosis Adaptativa para L1...
[L0] !!! EVENTO DE NECROSIS DETECTADO (Silence: 86554ms) !!!
[L0] Iniciando Apoptosis Adaptativa para L1...
[L0] !!! EVENTO DE NECROSIS DETECTADO (Silence: 91555ms) !!!
[L0] Iniciando Apoptosis Adaptativa para L1...
[L0] !!! EVENTO DE NECROSIS DETECTADO (Silence: 96556ms) !!!
[L0] Iniciando Apoptosis Adaptativa para L1...
[L0] !!! EVENTO DE NECROSIS DETECTADO (Silence: 101557ms) !!!
[L0] Iniciando Apoptosis Adaptativa para L1...
[L0] !!! EVENTO DE NECROSIS DETECTADO (Silence: 106558ms) !!!
[L0] Iniciando Apoptosis Adaptativa para L1...
[L0] !!! EVENTO DE NECROSIS DETECTADO (Silence: 111559ms) !!!
[L0] Iniciando Apoptosis Adaptativa para L1...
[L0] !!! EVENTO DE NECROSIS DETECTADO (Silence: 116560ms) !!!
[L0] Iniciando Apoptosis Adaptativa para L1...
[L0] !!! EVENTO DE NECROSIS DETECTADO (Silence: 121561ms) !!!
[L0] Iniciando Apoptosis Adaptativa para L1...
[L0] !!! EVENTO DE NECROSIS DETECTADO (Silence: 126562ms) !!!
[L0] Iniciando Apoptosis Adaptativa para L1...
[L0] !!! EVENTO DE NECROSIS DETECTADO (Silence: 131563ms) !!!
[L0] Iniciando Apoptosis Adaptativa para L1...
[L0] !!! EVENTO DE NECROSIS DETECTADO (Silence: 136564ms) !!!
[L0] Iniciando Apoptosis Adaptativa para L1...
[L0] !!! EVENTO DE NECROSIS DETECTADO (Silence: 141565ms) !!!
[L0] Iniciando Apoptosis Adaptativa para L1...
[L0] !!! EVENTO DE NECROSIS DETECTADO (Silence: 146566ms) !!!
[L0] Iniciando Apoptosis Adaptativa para L1...
[L0] !!! EVENTO DE NECROSIS DETECTADO (Silence: 151567ms) !!!
[L0] Iniciando Apoptosis Adaptativa para L1...
[L0] !!! EVENTO DE NECROSIS DETECTADO (Silence: 156568ms) !!!
[L0] Iniciando Apoptosis Adaptativa para L1...
[L0] !!! EVENTO DE NECROSIS DETECTADO (Silence: 161569ms) !!!
[L0] Iniciando Apoptosis Adaptativa para L1...
[L0] !!! EVENTO DE NECROSIS DETECTADO (Silence: 166570ms) !!!
[L0] Iniciando Apoptosis Adaptativa para L1...
[L0] !!! EVENTO DE NECROSIS DETECTADO (Silence: 171571ms) !!!
[L0] Iniciando Apoptosis Adaptativa para L1...
[L0] !!! EVENTO DE NECROSIS DETECTADO (Silence: 176572ms) !!!
[L0] Iniciando Apoptosis Adaptativa para L1...
[L0] !!! EVENTO DE NECROSIS DETECTADO (Silence: 181573ms) !!!
[L0] Iniciando Apoptosis Adaptativa para L1...
[L0] !!! EVENTO DE NECROSIS DETECTADO (Silence: 186574ms) !!!
[L0] Iniciando Apoptosis Adaptativa para L1...
[L0] !!! EVENTO DE NECROSIS DETECTADO (Silence: 191575ms) !!!
[L0] Iniciando Apoptosis Adaptativa para L1...
[L0] !!! EVENTO DE NECROSIS DETECTADO (Silence: 196576ms) !!!
[L0] Iniciando Apoptosis Adaptativa para L1...
[L0] !!! EVENTO DE NECROSIS DETECTADO (Silence: 201577ms) !!!
[L0] Iniciando Apoptosis Adaptativa para L1...
[L0] !!! EVENTO DE NECROSIS DETECTADO (Silence: 206578ms) !!!
[L0] Iniciando Apoptosis Adaptativa para L1...
[L0] !!! EVENTO DE NECROSIS DETECTADO (Silence: 211579ms) !!!
[L0] Iniciando Apoptosis Adaptativa para L1...
[L0] !!! EVENTO DE NECROSIS DETECTADO (Silence: 216580ms) !!!
[L0] Iniciando Apoptosis Adaptativa para L1...
[L0] !!! EVENTO DE NECROSIS DETECTADO (Silence: 221581ms) !!!
[L0] Iniciando Apoptosis Adaptativa para L1...
[L0] !!! EVENTO DE NECROSIS DETECTADO (Silence: 226582ms) !!!
[L0] Iniciando Apoptosis Adaptativa para L1...
[L0] !!! EVENTO DE NECROSIS DETECTADO (Silence: 231583ms) !!!
[L0] Iniciando Apoptosis Adaptativa para L1...
[L0] !!! EVENTO DE NECROSIS DETECTADO (Silence: 236584ms) !!!
[L0] Iniciando Apoptosis Adaptativa para L1...
[L0] !!! EVENTO DE NECROSIS DETECTADO (Silence: 241585ms) !!!
[L0] Iniciando Apoptosis Adaptativa para L1...
[L0] !!! EVENTO DE NECROSIS DETECTADO (Silence: 246586ms) !!!
[L0] Iniciando Apoptosis Adaptativa para L1...
[L0] !!! EVENTO DE NECROSIS DETECTADO (Silence: 251587ms) !!!
[L0] Iniciando Apoptosis Adaptativa para L1...
[L0] !!! EVENTO DE NECROSIS DETECTADO (Silence: 256588ms) !!!
[L0] Iniciando Apoptosis Adaptativa para L1...
[L0] !!! EVENTO DE NECROSIS DETECTADO (Silence: 261589ms) !!!
[L0] Iniciando Apoptosis Adaptativa para L1...
[L0] !!! EVENTO DE NECROSIS DETECTADO (Silence: 266590ms) !!!
[L0] Iniciando Apoptosis Adaptativa para L1...
[L0] !!! EVENTO DE NECROSIS DETECTADO (Silence: 271591ms) !!!
[L0] Iniciando Apoptosis Adaptativa para L1...
[L0] !!! EVENTO DE NECROSIS DETECTADO (Silence: 276592ms) !!!
[L0] Iniciando Apoptosis Adaptativa para L1...
[L0] !!! EVENTO DE NECROSIS DETECTADO (Silence: 281593ms) !!!
[L0] Iniciando Apoptosis Adaptativa para L1...
[L0] !!! EVENTO DE NECROSIS DETECTADO (Silence: 286594ms) !!!
[L0] Iniciando Apoptosis Adaptativa para L1...
[L0] !!! EVENTO DE NECROSIS DETECTADO (Silence: 291595ms) !!!
[L0] Iniciando Apoptosis Adaptativa para L1...
[L0] !!! EVENTO DE NECROSIS DETECTADO (Silence: 296596ms) !!!
[L0] Iniciando Apoptosis Adaptativa para L1...
[L0] !!! EVENTO DE NECROSIS DETECTADO (Silence: 301597ms) !!!
[L0] Iniciando Apoptosis Adaptativa para L1...
[L0] !!! EVENTO DE NECROSIS DETECTADO (Silence: 306598ms) !!!
[L0] Iniciando Apoptosis Adaptativa para L1...
[L0] !!! EVENTO DE NECROSIS DETECTADO (Silence: 311599ms) !!!
[L0] Iniciando Apoptosis Adaptativa para L1...
[L0] !!! EVENTO DE NECROSIS DETECTADO (Silence: 316600ms) !!!
[L0] Iniciando Apoptosis Adaptativa para L1...
[L0] !!! EVENTO DE NECROSIS DETECTADO (Silence: 321601ms) !!!
[L0] Iniciando Apoptosis Adaptativa para L1...
[L0] !!! EVENTO DE NECROSIS DETECTADO (Silence: 326602ms) !!!
[L0] Iniciando Apoptosis Adaptativa para L1...
